#
# There is insufficient memory for the Java Runtime Environment to continue.
# Native memory allocation (mmap) failed to map 268435456 bytes for Failed to commit area from 0x0000000700a00000 to 0x0000000710a00000 of length 268435456.
# Possible reasons:
#   The system is out of physical RAM or swap space
#   The process is running with CompressedOops enabled, and the Java Heap may be blocking the growth of the native heap
# Possible solutions:
#   Reduce memory load on the system
#   Increase physical memory or swap space
#   Check if swap backing store is full
#   Decrease Java heap size (-Xmx/-Xms)
#   Decrease number of Java threads
#   Decrease Java thread stack sizes (-Xss)
#   Set larger code cache with -XX:ReservedCodeCacheSize=
# This output file may be truncated or incomplete.
#
#  Out of Memory Error (./src/hotspot/os/windows/os_windows.cpp:3387), pid=38272, tid=54152
#
# JRE version:  (11.0.14.1+1) (build )
# Java VM: OpenJDK 64-Bit Server VM (11.0.14.1+1, mixed mode, sharing, tiered, compressed oops, g1 gc, windows-amd64)
# No core dump will be written. Minidumps are not enabled by default on client versions of Windows
#

---------------  S U M M A R Y ------------

Command Line: 

Host: Intel(R) Core(TM) i7-6700 CPU @ 3.40GHz, 8 cores, 15G,  Windows 10 , 64 bit Build 19041 (10.0.19041.3570)
Time: Sun Oct 15 10:53:49 2023 대한민국 표준시 elapsed time: 0.027534 seconds (0d 0h 0m 0s)

---------------  T H R E A D  ---------------

Current thread (0x000001fd5ffbf000):  JavaThread "Unknown thread" [_thread_in_vm, id=54152, stack(0x000000481a700000,0x000000481a800000)]

Stack: [0x000000481a700000,0x000000481a800000]
Native frames: (J=compiled Java code, j=interpreted, Vv=VM code, C=native code)
V  [jvm.dll+0x61e59a]
V  [jvm.dll+0x7aaca9]
V  [jvm.dll+0x7ac398]
V  [jvm.dll+0x7aca73]
V  [jvm.dll+0x24f9b8]
V  [jvm.dll+0x61b83a]
V  [jvm.dll+0x6100c5]
V  [jvm.dll+0x30772c]
V  [jvm.dll+0x3075b2]
V  [jvm.dll+0x30c2d6]
V  [jvm.dll+0x35272f]
V  [jvm.dll+0x352160]
V  [jvm.dll+0x2e4728]
V  [jvm.dll+0x2e5886]
V  [jvm.dll+0x784b07]
V  [jvm.dll+0x78628f]
V  [jvm.dll+0x35f479]
V  [jvm.dll+0x767aa0]
V  [jvm.dll+0x3ccf1f]
V  [jvm.dll+0x3cf2b1]
C  [jli.dll+0x5207]
C  [ucrtbase.dll+0x21bb2]
C  [KERNEL32.DLL+0x17344]
C  [ntdll.dll+0x526b1]


---------------  P R O C E S S  ---------------

Threads class SMR info:
_java_thread_list=0x000001fd5df23080, length=0, elements={
}

Java Threads: ( => current thread )

Other Threads:
  0x000001fd5ffd5000 GCTaskThread "GC Thread#0" [stack: 0x000000481a800000,0x000000481a900000] [id=48396]
  0x000001fd60033800 ConcurrentGCThread "G1 Main Marker" [stack: 0x000000481a900000,0x000000481aa00000] [id=18060]
  0x000001fd60037000 ConcurrentGCThread "G1 Conc#0" [stack: 0x000000481aa00000,0x000000481ab00000] [id=30084]

[error occurred during error reporting (printing all threads), id 0xc0000005, EXCEPTION_ACCESS_VIOLATION (0xc0000005) at pc=0x00007fff3ee83ef7]

VM state:not at safepoint (not fully initialized)

VM Mutex/Monitor currently owned by a thread:  ([mutex/lock_event])
[0x000001fd5ffbbba0] Heap_lock - owner thread: 0x000001fd5ffbf000

Heap address: 0x0000000700a00000, size: 4086 MB, Compressed Oops mode: Non-zero based: 0x0000000700a00000
Narrow klass base: 0x0000000000000000, Narrow klass shift: 0

GC Heap History (0 events):
No events

Deoptimization events (0 events):
No events

Classes redefined (0 events):
No events

Internal exceptions (0 events):
No events

Events (1 events):
Event: 0.014 Loaded shared library C:\Program Files\Unity\Hub\Editor\2022.3.5f1\Editor\Data\PlaybackEngines\AndroidPlayer\OpenJDK\bin\zip.dll


Dynamic libraries:
0x00007ff629530000 - 0x00007ff62953d000 	C:\Program Files\Unity\Hub\Editor\2022.3.5f1\Editor\Data\PlaybackEngines\AndroidPlayer\OpenJDK\bin\java.exe
0x00007ffffc450000 - 0x00007ffffc647000 	C:\WINDOWS\SYSTEM32\ntdll.dll
0x00007ffffb810000 - 0x00007ffffb8cd000 	C:\WINDOWS\System32\KERNEL32.DLL
0x00007ffff9c00000 - 0x00007ffff9ef6000 	C:\WINDOWS\System32\KERNELBASE.dll
0x00007ffffa220000 - 0x00007ffffa320000 	C:\WINDOWS\System32\ucrtbase.dll
0x00007ffff21c0000 - 0x00007ffff21d7000 	C:\Program Files\Unity\Hub\Editor\2022.3.5f1\Editor\Data\PlaybackEngines\AndroidPlayer\OpenJDK\bin\jli.dll
0x00007fffebcb0000 - 0x00007fffebcc5000 	C:\Program Files\Unity\Hub\Editor\2022.3.5f1\Editor\Data\PlaybackEngines\AndroidPlayer\OpenJDK\bin\VCRUNTIME140.dll
0x00007ffffa770000 - 0x00007ffffa90e000 	C:\WINDOWS\System32\USER32.dll
0x00007ffff9b30000 - 0x00007ffff9b52000 	C:\WINDOWS\System32\win32u.dll
0x00007fffea400000 - 0x00007fffea69a000 	C:\WINDOWS\WinSxS\amd64_microsoft.windows.common-controls_6595b64144ccf1df_6.0.19041.3570_none_60bb2a3971f3e41a\COMCTL32.dll
0x00007ffffc280000 - 0x00007ffffc31e000 	C:\WINDOWS\System32\msvcrt.dll
0x00007ffffb7e0000 - 0x00007ffffb80c000 	C:\WINDOWS\System32\GDI32.dll
0x00007ffffa100000 - 0x00007ffffa21a000 	C:\WINDOWS\System32\gdi32full.dll
0x00007ffff9b60000 - 0x00007ffff9bfd000 	C:\WINDOWS\System32\msvcp_win.dll
0x00007ffffbc30000 - 0x00007ffffbc60000 	C:\WINDOWS\System32\IMM32.DLL
0x00007fffc5b40000 - 0x00007fffc5bdb000 	C:\Program Files\Unity\Hub\Editor\2022.3.5f1\Editor\Data\PlaybackEngines\AndroidPlayer\OpenJDK\bin\msvcp140.dll
0x00007fff3eb90000 - 0x00007fff3f711000 	C:\Program Files\Unity\Hub\Editor\2022.3.5f1\Editor\Data\PlaybackEngines\AndroidPlayer\OpenJDK\bin\server\jvm.dll
0x00007ffffc1d0000 - 0x00007ffffc27e000 	C:\WINDOWS\System32\ADVAPI32.dll
0x00007ffffadf0000 - 0x00007ffffae8c000 	C:\WINDOWS\System32\sechost.dll
0x00007ffffbaa0000 - 0x00007ffffbbc6000 	C:\WINDOWS\System32\RPCRT4.dll
0x00007ffffb080000 - 0x00007ffffb088000 	C:\WINDOWS\System32\PSAPI.DLL
0x00007fffc35f0000 - 0x00007fffc35f9000 	C:\WINDOWS\SYSTEM32\WSOCK32.dll
0x00007ffffb8d0000 - 0x00007ffffb93b000 	C:\WINDOWS\System32\WS2_32.dll
0x00007fffed830000 - 0x00007fffed857000 	C:\WINDOWS\SYSTEM32\WINMM.dll
0x00007ffff3b80000 - 0x00007ffff3b8a000 	C:\WINDOWS\SYSTEM32\VERSION.dll
0x00007ffff7910000 - 0x00007ffff7922000 	C:\WINDOWS\SYSTEM32\kernel.appcore.dll
0x00007ffff70d0000 - 0x00007ffff70e0000 	C:\Program Files\Unity\Hub\Editor\2022.3.5f1\Editor\Data\PlaybackEngines\AndroidPlayer\OpenJDK\bin\verify.dll
0x00007ffff2870000 - 0x00007ffff2a54000 	C:\WINDOWS\SYSTEM32\DBGHELP.DLL
0x00007ffff2ae0000 - 0x00007ffff2b14000 	C:\WINDOWS\SYSTEM32\dbgcore.DLL
0x00007ffffa3d0000 - 0x00007ffffa452000 	C:\WINDOWS\System32\bcryptPrimitives.dll
0x00007fffdb270000 - 0x00007fffdb298000 	C:\Program Files\Unity\Hub\Editor\2022.3.5f1\Editor\Data\PlaybackEngines\AndroidPlayer\OpenJDK\bin\java.dll
0x00007ffff2310000 - 0x00007ffff231a000 	C:\Program Files\Unity\Hub\Editor\2022.3.5f1\Editor\Data\PlaybackEngines\AndroidPlayer\OpenJDK\bin\jimage.dll
0x00007fffebc60000 - 0x00007fffebc78000 	C:\Program Files\Unity\Hub\Editor\2022.3.5f1\Editor\Data\PlaybackEngines\AndroidPlayer\OpenJDK\bin\zip.dll

dbghelp: loaded successfully - version: 4.0.5 - missing functions: none
symbol engine: initialized successfully - sym options: 0x614 - pdb path: .;C:\Program Files\Unity\Hub\Editor\2022.3.5f1\Editor\Data\PlaybackEngines\AndroidPlayer\OpenJDK\bin;C:\WINDOWS\SYSTEM32;C:\WINDOWS\WinSxS\amd64_microsoft.windows.common-controls_6595b64144ccf1df_6.0.19041.3570_none_60bb2a3971f3e41a;C:\Program Files\Unity\Hub\Editor\2022.3.5f1\Editor\Data\PlaybackEngines\AndroidPlayer\OpenJDK\bin\server

VM Arguments:
java_command: <unknown>
java_class_path (initial): <not set>
Launcher Type: SUN_STANDARD

[Global flags]
     intx CICompilerCount                          = 4                                         {product} {ergonomic}
     uint ConcGCThreads                            = 2                                         {product} {ergonomic}
     uint G1ConcRefinementThreads                  = 8                                         {product} {ergonomic}
   size_t G1HeapRegionSize                         = 1048576                                   {product} {ergonomic}
    uintx GCDrainStackTargetSize                   = 64                                        {product} {ergonomic}
   size_t InitialHeapSize                          = 268435456                                 {product} {ergonomic}
   size_t MarkStackSize                            = 4194304                                   {product} {ergonomic}
   size_t MaxHeapSize                              = 4284481536                                {product} {ergonomic}
   size_t MinHeapDeltaBytes                        = 1048576                                   {product} {ergonomic}
    uintx NonNMethodCodeHeapSize                   = 5836300                                {pd product} {ergonomic}
    uintx NonProfiledCodeHeapSize                  = 122910970                              {pd product} {ergonomic}
    uintx ProfiledCodeHeapSize                     = 122910970                              {pd product} {ergonomic}
    uintx ReservedCodeCacheSize                    = 251658240                              {pd product} {ergonomic}
     bool SegmentedCodeCache                       = true                                      {product} {ergonomic}
     bool UseCompressedClassPointers               = true                                 {lp64_product} {ergonomic}
     bool UseCompressedOops                        = true                                 {lp64_product} {ergonomic}
     bool UseG1GC                                  = true                                      {product} {ergonomic}
     bool UseLargePagesIndividualAllocation        = false                                  {pd product} {ergonomic}

Logging:
Log output configuration:
 #0: stdout all=warning uptime,level,tags
 #1: stderr all=off uptime,level,tags

Environment Variables:
JAVA_HOME=C:\Program Files\Unity\Hub\Editor\2022.3.5f1\Editor\Data\PlaybackEngines\AndroidPlayer\OpenJDK
PATH=C:\Program Files\Common Files\Oracle\Java\javapath;C:\Program Files\NVIDIA GPU Computing Toolkit\CUDA\v11.4\bin;C:\Program Files\NVIDIA GPU Computing Toolkit\CUDA\v11.4\libnvvp;C:\Program Files (x86)\NAT Service;C:\ProgramData\Oracle\Java\javapath;C:\Windows\system32;C:\Windows;C:\Windows\System32\Wbem;C:\Windows\System32\WindowsPowerShell\v1.0\;C:\Program Files (x86)\NVIDIA Corporation\PhysX\Common;C:\Program Files\Microsoft SQL Server\130\Tools\Binn\;C:\WINDOWS\system32;C:\WINDOWS;C:\WINDOWS\System32\Wbem;C:\WINDOWS\System32\WindowsPowerShell\v1.0\;C:\Program Files (x86)\GtkSharp\2.12\bin;C:\Users\user\Desktop\Github\Git LFS\Git LFS;C:\WINDOWS\System32\OpenSSH\;C:\Program Files\Microsoft VS Code\bin;C:\Program Files (x86)\Windows Live\Shared;C:\Program Files\dotnet\;C:\Program Files\NVIDIA Corporation\Nsight Compute 2021.2.2\;C:\Program Files\NVIDIA Corporation\NVIDIA NvDLISR;C:\Program Files\Git\cmd;C:\MinGW\bin;C:\Program Files\Microsoft SQL Server\Client SDK\ODBC\170\Tools\Binn\;C:\Program Files (x86)\Microsoft SQL Server\150\Tools\Binn\;C:\Program Files\Microsoft SQL Server\150\Tools\Binn\;C:\Program Files\Microsoft SQL Server\150\DTS\Binn\;C:\Program Files (x86)\Microsoft SQL Server\150\DTS\Binn\;C:\Program Files\Azure Data Studio\bin;C:\Program Files (x86)\dotnet\;C:\Program Files\Git LFS;C:\Program Files\nodejs\;C:\Program Files\MySQL\MySQL Server 8.0\bin;C:\Program Files\Meld\;C:\Users\user\AppData\Local\Programs\Python\Python310\Scripts\;C:\Users\user\AppData\Local\Programs\Python\Python310\;C:\Users\user\Anaconda3\Library\mingw-w64\bin;C:\Users\user\Anaconda3\Library\usr\bin;C:\Program Files\Java\jdk-9.0.1\bin;C:\Users\user\AppData\Local\GitHubDesktop\bin;C:\Users\user\AppData\Local\Microsoft\WindowsApps;C:\Users\user\AppData\Local\Programs\Microsoft VS Code\bin;C:\Users\user\.dotnet\tools;C:\Program Files\Azure Data Studio\bin;C:\Users\user\AppData\Local\atom\bin;C:\Users\user\.dotnet\tools;C:\intelFPGA_lite\18.1\modelsim_ase\win32aloem;C:\Users\user\
USERNAME=user
OS=Windows_NT
PROCESSOR_IDENTIFIER=Intel64 Family 6 Model 94 Stepping 3, GenuineIntel



---------------  S Y S T E M  ---------------

OS: Windows 10 , 64 bit Build 19041 (10.0.19041.3570)
OS uptime: 2 days 0:35 hours

CPU:total 8 (initial active 8) (4 cores per cpu, 2 threads per core) family 6 model 94 stepping 3 microcode 0xcc, cmov, cx8, fxsr, mmx, sse, sse2, sse3, ssse3, sse4.1, sse4.2, popcnt, avx, avx2, aes, clmul, erms, rtm, 3dnowpref, lzcnt, ht, tsc, tscinvbit, bmi1, bmi2, adx, fma

Memory: 4k page, system-wide physical 16336M (601M free)
TotalPageFile size 65488M (AvailPageFile size 124M)
current process WorkingSet (physical memory assigned to process): 10M, peak: 10M
current process commit charge ("private bytes"): 60M, peak: 316M

vm_info: OpenJDK 64-Bit Server VM (11.0.14.1+1) for windows-amd64 JRE (11.0.14.1+1), built on Feb  9 2022 01:48:27 by "" with unknown MS VC++:1916

END.
